2025-02-26 20:52:18,027 - ERROR - Error checking login status: Page.goto: Timeout 30000ms exceeded.
Call log:
  - navigating to "https://x.com/home", waiting until "load"

2025-02-26 20:52:48,253 - ERROR - Error checking login status: Page.goto: Target page, context or browser has been closed
Call log:
  - navigating to "https://x.com/home", waiting until "load"

2025-02-26 20:54:01,802 - INFO - Navigating to search URL: https://twitter.com/search?q=%28Uber%20OR%20UberEats%20OR%20Uber%20Technologies%29%20%28%23Uber%20OR%20%23UberEats%20OR%20%23UberTechnologies%29%20lang%3Aen&f=top
2025-02-26 20:54:05,521 - INFO - Initial tweets loaded
2025-02-26 20:54:05,609 - INFO - Initial extraction: found 3 tweets
2025-02-26 20:54:09,112 - INFO - Scrolled down 421 pixels
2025-02-26 20:54:09,206 - INFO - Scroll 1/40: Found 0 new tweets. Total: 3
2025-02-26 20:54:11,056 - INFO - Scrolled down 536 pixels
2025-02-26 20:54:11,152 - INFO - Scroll 2/40: Found 1 new tweets. Total: 4
2025-02-26 20:54:13,971 - INFO - Scrolled down 524 pixels
2025-02-26 20:54:14,059 - INFO - Scroll 3/40: Found 0 new tweets. Total: 4
2025-02-26 20:54:17,126 - INFO - Scrolled down 504 pixels
2025-02-26 20:54:17,217 - INFO - Scroll 4/40: Found 1 new tweets. Total: 5
2025-02-26 20:54:19,329 - INFO - Scrolled down 343 pixels
2025-02-26 20:54:19,422 - INFO - Scroll 5/40: Found 1 new tweets. Total: 6
2025-02-26 20:54:23,125 - INFO - Scrolled down 524 pixels
2025-02-26 20:54:23,260 - INFO - Scroll 6/40: Found 1 new tweets. Total: 7
2025-02-26 20:54:25,408 - INFO - Scrolled down 555 pixels
2025-02-26 20:54:25,519 - INFO - Scroll 7/40: Found 1 new tweets. Total: 8
2025-02-26 20:54:28,558 - INFO - Scrolled down 294 pixels
2025-02-26 20:54:28,664 - INFO - Scroll 8/40: Found 2 new tweets. Total: 10
2025-02-26 20:54:30,608 - INFO - Scrolled down 569 pixels
2025-02-26 20:54:30,718 - INFO - Scroll 9/40: Found 0 new tweets. Total: 10
2025-02-26 20:54:32,947 - INFO - Scrolled down 301 pixels
2025-02-26 20:54:33,058 - INFO - Scroll 10/40: Found 2 new tweets. Total: 12
2025-02-26 20:54:34,743 - INFO - Scrolled down 432 pixels
2025-02-26 20:54:34,866 - INFO - Scroll 11/40: Found 0 new tweets. Total: 12
2025-02-26 20:54:38,329 - INFO - Scrolled down 308 pixels
2025-02-26 20:54:38,445 - INFO - Scroll 12/40: Found 1 new tweets. Total: 13
2025-02-26 20:54:40,127 - INFO - Scrolled down 549 pixels
2025-02-26 20:54:40,260 - INFO - Scroll 13/40: Found 1 new tweets. Total: 14
2025-02-26 20:54:42,944 - INFO - Scrolled down 398 pixels
2025-02-26 20:54:43,098 - INFO - Scroll 14/40: Found 1 new tweets. Total: 15
2025-02-26 20:54:45,051 - INFO - Scrolled down 348 pixels
2025-02-26 20:54:45,153 - INFO - Scroll 15/40: Found 0 new tweets. Total: 15
2025-02-26 20:54:47,127 - INFO - Scrolled down 524 pixels
2025-02-26 20:54:47,238 - INFO - Scroll 16/40: Found 1 new tweets. Total: 16
2025-02-26 20:54:50,600 - INFO - Scrolled down 544 pixels
2025-02-26 20:54:50,717 - INFO - Scroll 17/40: Found 2 new tweets. Total: 18
2025-02-26 20:54:54,036 - INFO - Scrolled down 305 pixels
2025-02-26 20:54:54,152 - INFO - Scroll 18/40: Found 1 new tweets. Total: 19
2025-02-26 20:54:57,428 - INFO - Scrolled down 487 pixels
2025-02-26 20:54:57,540 - INFO - Scroll 19/40: Found 0 new tweets. Total: 19
2025-02-26 20:54:59,257 - INFO - Scrolled down 392 pixels
2025-02-26 20:54:59,370 - INFO - Scroll 20/40: Found 2 new tweets. Total: 21
2025-02-26 20:55:01,417 - INFO - Scrolled down 318 pixels
2025-02-26 20:55:01,570 - INFO - Scroll 21/40: Found 1 new tweets. Total: 22
2025-02-26 20:55:03,898 - INFO - Scrolled down 343 pixels
2025-02-26 20:55:04,031 - INFO - Scroll 22/40: Found 1 new tweets. Total: 23
2025-02-26 20:55:06,531 - INFO - Scrolled down 539 pixels
2025-02-26 20:55:06,653 - INFO - Scroll 23/40: Found 0 new tweets. Total: 23
2025-02-26 20:55:10,468 - INFO - Scrolled down 411 pixels
2025-02-26 20:55:10,607 - INFO - Scroll 24/40: Found 1 new tweets. Total: 24
2025-02-26 20:55:12,238 - INFO - Scrolled down 536 pixels
2025-02-26 20:55:12,363 - INFO - Scroll 25/40: Found 1 new tweets. Total: 25
2025-02-26 20:55:15,736 - INFO - Scrolled down 337 pixels
2025-02-26 20:55:15,847 - INFO - Scroll 26/40: Found 1 new tweets. Total: 26
2025-02-26 20:55:18,824 - INFO - Scrolled down 339 pixels
2025-02-26 20:55:18,926 - INFO - Scroll 27/40: Found 1 new tweets. Total: 27
2025-02-26 20:55:21,456 - INFO - Scrolled down 449 pixels
2025-02-26 20:55:21,580 - INFO - Scroll 28/40: Found 1 new tweets. Total: 28
2025-02-26 20:55:25,200 - INFO - Scrolled down 297 pixels
2025-02-26 20:55:25,358 - INFO - Scroll 29/40: Found 1 new tweets. Total: 29
2025-02-26 20:55:28,990 - INFO - Scrolled down 433 pixels
2025-02-26 20:55:29,094 - INFO - Scroll 30/40: Found 0 new tweets. Total: 29
2025-02-26 20:55:32,482 - INFO - Scrolled down 404 pixels
2025-02-26 20:55:32,591 - INFO - Scroll 31/40: Found 1 new tweets. Total: 30
2025-02-26 20:55:36,581 - INFO - Scrolled down 500 pixels
2025-02-26 20:55:36,700 - INFO - Scroll 32/40: Found 1 new tweets. Total: 31
2025-02-26 20:55:39,310 - INFO - Scrolled down 378 pixels
2025-02-26 20:55:39,454 - INFO - Scroll 33/40: Found 2 new tweets. Total: 33
2025-02-26 20:55:42,728 - INFO - Scrolled down 315 pixels
2025-02-26 20:55:42,862 - INFO - Scroll 34/40: Found 0 new tweets. Total: 33
2025-02-26 20:55:46,454 - INFO - Scrolled down 301 pixels
2025-02-26 20:55:46,571 - INFO - Scroll 35/40: Found 1 new tweets. Total: 34
2025-02-26 20:55:50,147 - INFO - Scrolled down 544 pixels
2025-02-26 20:55:50,291 - INFO - Scroll 36/40: Found 0 new tweets. Total: 34
2025-02-26 20:55:51,945 - INFO - Scrolled down 465 pixels
2025-02-26 20:55:52,067 - INFO - Scroll 37/40: Found 1 new tweets. Total: 35
2025-02-26 20:55:55,970 - INFO - Scrolled down 509 pixels
2025-02-26 20:55:56,073 - INFO - Scroll 38/40: Found 1 new tweets. Total: 36
2025-02-26 20:55:58,329 - INFO - Scrolled down 434 pixels
2025-02-26 20:55:58,461 - INFO - Scroll 39/40: Found 2 new tweets. Total: 38
2025-02-26 20:56:01,270 - INFO - Scrolled down 571 pixels
2025-02-26 20:56:01,408 - INFO - Scroll 40/40: Found 1 new tweets. Total: 39
2025-02-26 20:56:01,415 - INFO - Saved 39 tweets to twitter_data/uber_general_20250226_205358.csv (CSV)
2025-02-26 20:56:01,416 - INFO - Navigating to search URL: https://twitter.com/search?q=%28Uber%20experience%20OR%20Uber%20service%20OR%20Uber%20driver%20OR%20Uber%20customer%29%20%28%23Uberexperience%20OR%20%23Uberservice%20OR%20%23Uberdriver%20OR%20%23Ubercustomer%29%20lang%3Aen&f=live
2025-02-26 20:56:04,025 - INFO - Initial tweets loaded
2025-02-26 20:56:04,114 - INFO - Initial extraction: found 6 tweets
2025-02-26 20:56:05,945 - INFO - Scrolled down 523 pixels
2025-02-26 20:56:06,042 - INFO - Scroll 1/30: Found 0 new tweets. Total: 6
2025-02-26 20:56:08,952 - INFO - Scrolled down 383 pixels
2025-02-26 20:56:09,089 - INFO - Scroll 2/30: Found 3 new tweets. Total: 9
2025-02-26 20:56:12,225 - INFO - Scrolled down 456 pixels
2025-02-26 20:56:12,415 - INFO - Scroll 3/30: Found 2 new tweets. Total: 11
2025-02-26 20:56:15,534 - INFO - Scrolled down 332 pixels
2025-02-26 20:56:15,699 - INFO - Scroll 4/30: Found 3 new tweets. Total: 14
2025-02-26 20:56:19,010 - INFO - Scrolled down 410 pixels
2025-02-26 20:56:19,162 - INFO - Scroll 5/30: Found 0 new tweets. Total: 14
2025-02-26 20:56:21,054 - INFO - Scrolled down 331 pixels
2025-02-26 20:56:21,209 - INFO - Scroll 6/30: Found 2 new tweets. Total: 16
2025-02-26 20:56:24,731 - INFO - Scrolled down 348 pixels
2025-02-26 20:56:24,891 - INFO - Scroll 7/30: Found 1 new tweets. Total: 17
2025-02-26 20:56:28,072 - INFO - Scrolled down 372 pixels
2025-02-26 20:56:28,247 - INFO - Scroll 8/30: Found 1 new tweets. Total: 18
2025-02-26 20:56:31,563 - INFO - Scrolled down 525 pixels
2025-02-26 20:56:31,761 - INFO - Scroll 9/30: Found 0 new tweets. Total: 18
2025-02-26 20:56:33,564 - INFO - Scrolled down 426 pixels
2025-02-26 20:56:33,736 - INFO - Scroll 10/30: Found 1 new tweets. Total: 19
2025-02-26 20:56:36,930 - INFO - Scrolled down 440 pixels
2025-02-26 20:56:37,080 - INFO - Scroll 11/30: Found 0 new tweets. Total: 19
2025-02-26 20:56:41,072 - INFO - Scrolled down 324 pixels
2025-02-26 20:56:41,225 - INFO - Scroll 12/30: Found 3 new tweets. Total: 22
2025-02-26 20:56:43,564 - INFO - Scrolled down 345 pixels
2025-02-26 20:56:43,705 - INFO - Scroll 13/30: Found 2 new tweets. Total: 24
2025-02-26 20:56:46,099 - INFO - Scrolled down 464 pixels
2025-02-26 20:56:46,229 - INFO - Scroll 14/30: Found 0 new tweets. Total: 24
2025-02-26 20:56:48,130 - INFO - Scrolled down 434 pixels
2025-02-26 20:56:48,324 - INFO - Scroll 15/30: Found 2 new tweets. Total: 26
2025-02-26 20:56:50,027 - INFO - Scrolled down 337 pixels
2025-02-26 20:56:50,162 - INFO - Scroll 16/30: Found 1 new tweets. Total: 27
2025-02-26 20:56:52,687 - INFO - Scrolled down 323 pixels
2025-02-26 20:56:52,830 - INFO - Scroll 17/30: Found 2 new tweets. Total: 29
2025-02-26 20:56:55,005 - INFO - Scrolled down 430 pixels
2025-02-26 20:56:55,173 - INFO - Scroll 18/30: Found 2 new tweets. Total: 31
2025-02-26 20:56:58,672 - INFO - Scrolled down 359 pixels
2025-02-26 20:56:58,824 - INFO - Scroll 19/30: Found 1 new tweets. Total: 32
2025-02-26 20:57:01,292 - INFO - Scrolled down 450 pixels
2025-02-26 20:57:01,467 - INFO - Scroll 20/30: Found 0 new tweets. Total: 32
2025-02-26 20:57:03,319 - INFO - Scrolled down 346 pixels
2025-02-26 20:57:03,550 - INFO - Scroll 21/30: Found 4 new tweets. Total: 36
2025-02-26 20:57:05,849 - INFO - Scrolled down 313 pixels
2025-02-26 20:57:06,014 - INFO - Scroll 22/30: Found 2 new tweets. Total: 38
2025-02-26 20:57:09,091 - INFO - Scrolled down 361 pixels
2025-02-26 20:57:09,262 - INFO - Scroll 23/30: Found 0 new tweets. Total: 38
2025-02-26 20:57:11,416 - INFO - Scrolled down 394 pixels
2025-02-26 20:57:11,584 - INFO - Scroll 24/30: Found 1 new tweets. Total: 39
2025-02-26 20:57:15,349 - INFO - Scrolled down 568 pixels
2025-02-26 20:57:15,516 - INFO - Scroll 25/30: Found 1 new tweets. Total: 40
2025-02-26 20:57:19,290 - INFO - Scrolled down 494 pixels
2025-02-26 20:57:19,499 - INFO - Scroll 26/30: Found 0 new tweets. Total: 40
2025-02-26 20:57:23,476 - INFO - Scrolled down 407 pixels
2025-02-26 20:57:23,623 - INFO - Scroll 27/30: Found 2 new tweets. Total: 42
2025-02-26 20:57:25,257 - INFO - Scrolled down 385 pixels
2025-02-26 20:57:25,387 - INFO - Scroll 28/30: Found 1 new tweets. Total: 43
2025-02-26 20:57:27,937 - INFO - Scrolled down 428 pixels
2025-02-26 20:57:28,081 - INFO - Scroll 29/30: Found 1 new tweets. Total: 44
2025-02-26 20:57:31,708 - INFO - Scrolled down 447 pixels
2025-02-26 20:57:31,814 - INFO - Scroll 30/30: Found 0 new tweets. Total: 44
2025-02-26 20:57:31,821 - INFO - Saved 44 tweets to twitter_data/uber_experience_20250226_205358.csv (CSV)
2025-02-26 20:57:31,821 - INFO - Navigating to search URL: https://twitter.com/search?q=%28Uber%20business%20OR%20Uber%20stock%20OR%20Uber%20financial%20OR%20Uber%20revenue%20OR%20Uber%20profit%29%20%28%23Uberbusiness%20OR%20%23Uberstock%20OR%20%23Uberfinancial%20OR%20%23Uberrevenue%20OR%20%23Uberprofit%29%20lang%3Aen%20min_faves%3A5%20since%3A2024-08-30%20until%3A2025-02-26&f=top
2025-02-26 20:57:34,965 - INFO - Initial tweets loaded
2025-02-26 20:57:35,032 - INFO - Initial extraction: found 4 tweets
2025-02-26 20:57:36,703 - INFO - Scrolled down 539 pixels
2025-02-26 20:57:36,783 - INFO - Scroll 1/25: Found 0 new tweets. Total: 4
2025-02-26 20:57:38,308 - INFO - Scrolled down 400 pixels
2025-02-26 20:57:38,462 - INFO - Scroll 2/25: Found 1 new tweets. Total: 5
2025-02-26 20:57:41,008 - INFO - Scrolled down 368 pixels
2025-02-26 20:57:41,098 - INFO - Scroll 3/25: Found 0 new tweets. Total: 5
2025-02-26 20:57:44,748 - INFO - Scrolled down 498 pixels
2025-02-26 20:57:44,837 - INFO - Scroll 4/25: Found 1 new tweets. Total: 6
2025-02-26 20:57:47,938 - INFO - Scrolled down 484 pixels
2025-02-26 20:57:48,049 - INFO - Scroll 5/25: Found 1 new tweets. Total: 7
2025-02-26 20:57:51,577 - INFO - Scrolled down 417 pixels
2025-02-26 20:57:51,673 - INFO - Scroll 6/25: Found 0 new tweets. Total: 7
2025-02-26 20:57:53,939 - INFO - Scrolled down 450 pixels
2025-02-26 20:57:54,037 - INFO - Scroll 7/25: Found 1 new tweets. Total: 8
2025-02-26 20:57:55,755 - INFO - Scrolled down 459 pixels
2025-02-26 20:57:55,860 - INFO - Scroll 8/25: Found 1 new tweets. Total: 9
2025-02-26 20:57:58,063 - INFO - Scrolled down 292 pixels
2025-02-26 20:57:58,175 - INFO - Scroll 9/25: Found 1 new tweets. Total: 10
2025-02-26 20:58:02,135 - INFO - Scrolled down 539 pixels
2025-02-26 20:58:02,230 - INFO - Scroll 10/25: Found 0 new tweets. Total: 10
2025-02-26 20:58:03,842 - INFO - Scrolled down 370 pixels
2025-02-26 20:58:03,990 - INFO - Scroll 11/25: Found 1 new tweets. Total: 11
2025-02-26 20:58:06,224 - INFO - Scrolled down 428 pixels
2025-02-26 20:58:06,339 - INFO - Scroll 12/25: Found 1 new tweets. Total: 12
2025-02-26 20:58:08,481 - INFO - Scrolled down 530 pixels
2025-02-26 20:58:08,593 - INFO - Scroll 13/25: Found 1 new tweets. Total: 13
2025-02-26 20:58:12,479 - INFO - Scrolled down 356 pixels
2025-02-26 20:58:12,604 - INFO - Scroll 14/25: Found 1 new tweets. Total: 14
2025-02-26 20:58:14,854 - INFO - Scrolled down 432 pixels
2025-02-26 20:58:14,961 - INFO - Scroll 15/25: Found 1 new tweets. Total: 15
2025-02-26 20:58:18,162 - INFO - Scrolled down 436 pixels
2025-02-26 20:58:18,270 - INFO - Scroll 16/25: Found 0 new tweets. Total: 15
2025-02-26 20:58:20,335 - INFO - Scrolled down 292 pixels
2025-02-26 20:58:20,434 - INFO - Scroll 17/25: Found 1 new tweets. Total: 16
2025-02-26 20:58:21,974 - INFO - Scrolled down 397 pixels
2025-02-26 20:58:22,064 - INFO - Scroll 18/25: Found 0 new tweets. Total: 16
2025-02-26 20:58:25,555 - INFO - Scrolled down 322 pixels
2025-02-26 20:58:25,709 - INFO - Scroll 19/25: Found 1 new tweets. Total: 17
2025-02-26 20:58:28,624 - INFO - Scrolled down 532 pixels
2025-02-26 20:58:28,736 - INFO - Scroll 20/25: Found 0 new tweets. Total: 17
2025-02-26 20:58:30,995 - INFO - Scrolled down 509 pixels
2025-02-26 20:58:31,105 - INFO - Scroll 21/25: Found 2 new tweets. Total: 19
2025-02-26 20:58:34,715 - INFO - Scrolled down 478 pixels
2025-02-26 20:58:34,820 - INFO - Scroll 22/25: Found 1 new tweets. Total: 20
2025-02-26 20:58:37,776 - INFO - Scrolled down 298 pixels
2025-02-26 20:58:37,868 - INFO - Scroll 23/25: Found 0 new tweets. Total: 20
2025-02-26 20:58:40,369 - INFO - Scrolled down 530 pixels
2025-02-26 20:58:40,462 - INFO - Scroll 24/25: Found 0 new tweets. Total: 20
2025-02-26 20:58:42,183 - INFO - Scrolled down 298 pixels
2025-02-26 20:58:42,294 - INFO - Scroll 25/25: Found 3 new tweets. Total: 23
2025-02-26 20:58:42,298 - INFO - Saved 23 tweets to twitter_data/uber_business_20250226_205358.csv (CSV)
2025-02-26 20:58:42,298 - INFO - Navigating to search URL: https://twitter.com/search?q=%28Uber%20news%20OR%20Uber%20controversy%20OR%20Uber%20lawsuit%20OR%20Uber%20protest%29%20%28%23Ubernews%20OR%20%23Ubercontroversy%20OR%20%23Uberlawsuit%20OR%20%23Uberprotest%29%20lang%3Aen&f=live
2025-02-26 20:58:44,511 - INFO - Initial tweets loaded
2025-02-26 20:58:44,624 - INFO - Initial extraction: found 7 tweets
2025-02-26 20:58:46,299 - INFO - Scrolled down 350 pixels
2025-02-26 20:58:48,493 - INFO - Scroll 1/25: Found 0 new tweets. Total: 7
2025-02-26 20:58:52,147 - INFO - Scrolled down 467 pixels
2025-02-26 20:58:52,255 - INFO - Scroll 2/25: Found 0 new tweets. Total: 7
2025-02-26 20:58:55,483 - INFO - Scrolled down 574 pixels
2025-02-26 20:58:55,599 - INFO - Scroll 3/25: Found 2 new tweets. Total: 9
2025-02-26 20:58:57,331 - INFO - Scrolled down 306 pixels
2025-02-26 20:58:57,464 - INFO - Scroll 4/25: Found 2 new tweets. Total: 11
2025-02-26 20:58:59,398 - INFO - Scrolled down 461 pixels
2025-02-26 20:58:59,535 - INFO - Scroll 5/25: Found 0 new tweets. Total: 11
2025-02-26 20:59:01,199 - INFO - Scrolled down 383 pixels
2025-02-26 20:59:01,345 - INFO - Scroll 6/25: Found 3 new tweets. Total: 14
2025-02-26 20:59:03,219 - INFO - Scrolled down 330 pixels
2025-02-26 20:59:03,373 - INFO - Scroll 7/25: Found 1 new tweets. Total: 15
2025-02-26 20:59:05,886 - INFO - Scrolled down 501 pixels
2025-02-26 20:59:06,085 - INFO - Scroll 8/25: Found 1 new tweets. Total: 16
2025-02-26 20:59:08,169 - INFO - Scrolled down 405 pixels
2025-02-26 20:59:08,312 - INFO - Scroll 9/25: Found 1 new tweets. Total: 17
2025-02-26 20:59:11,133 - INFO - Scrolled down 384 pixels
2025-02-26 20:59:11,276 - INFO - Scroll 10/25: Found 0 new tweets. Total: 17
2025-02-26 20:59:13,693 - INFO - Scrolled down 318 pixels
2025-02-26 20:59:13,835 - INFO - Scroll 11/25: Found 2 new tweets. Total: 19
2025-02-26 20:59:17,746 - INFO - Scrolled down 563 pixels
2025-02-26 20:59:17,879 - INFO - Scroll 12/25: Found 1 new tweets. Total: 20
2025-02-26 20:59:19,521 - INFO - Scrolled down 555 pixels
2025-02-26 20:59:19,651 - INFO - Scroll 13/25: Found 1 new tweets. Total: 21
2025-02-26 20:59:23,260 - INFO - Scrolled down 340 pixels
2025-02-26 20:59:23,434 - INFO - Scroll 14/25: Found 3 new tweets. Total: 24
2025-02-26 20:59:24,987 - INFO - Scrolled down 575 pixels
2025-02-26 20:59:25,118 - INFO - Scroll 15/25: Found 1 new tweets. Total: 25
2025-02-26 20:59:28,014 - INFO - Scrolled down 421 pixels
2025-02-26 20:59:28,159 - INFO - Scroll 16/25: Found 1 new tweets. Total: 26
2025-02-26 20:59:30,978 - INFO - Scrolled down 462 pixels
2025-02-26 20:59:31,123 - INFO - Scroll 17/25: Found 2 new tweets. Total: 28
2025-02-26 20:59:33,861 - INFO - Scrolled down 335 pixels
2025-02-26 20:59:34,008 - INFO - Scroll 18/25: Found 2 new tweets. Total: 30
2025-02-26 20:59:36,860 - INFO - Scrolled down 447 pixels
2025-02-26 20:59:37,007 - INFO - Scroll 19/25: Found 1 new tweets. Total: 31
2025-02-26 20:59:40,920 - INFO - Scrolled down 371 pixels
2025-02-26 20:59:41,121 - INFO - Scroll 20/25: Found 2 new tweets. Total: 33
2025-02-26 20:59:44,484 - INFO - Scrolled down 338 pixels
2025-02-26 20:59:44,631 - INFO - Scroll 21/25: Found 1 new tweets. Total: 34
2025-02-26 20:59:48,349 - INFO - Scrolled down 304 pixels
2025-02-26 20:59:48,496 - INFO - Scroll 22/25: Found 0 new tweets. Total: 34
2025-02-26 20:59:51,425 - INFO - Scrolled down 321 pixels
2025-02-26 20:59:51,575 - INFO - Scroll 23/25: Found 0 new tweets. Total: 34
2025-02-26 20:59:55,276 - INFO - Scrolled down 348 pixels
2025-02-26 20:59:55,455 - INFO - Scroll 24/25: Found 4 new tweets. Total: 38
2025-02-26 20:59:57,668 - INFO - Scrolled down 318 pixels
2025-02-26 20:59:57,842 - INFO - Scroll 25/25: Found 1 new tweets. Total: 39
2025-02-26 20:59:57,842 - INFO - Saved 39 tweets to twitter_data/uber_news_20250226_205358.csv (CSV)
2025-02-26 20:59:57,842 - INFO - Navigating to search URL: https://twitter.com/search?q=%28Uber%29%20%28%23Uber%29%20lang%3Aen%20%28from%3AUber%20OR%20from%3AUberEats%20OR%20from%3AUberEng%20OR%20from%3AUber_Support%29&f=live
2025-02-26 21:00:00,539 - INFO - Initial tweets loaded
2025-02-26 21:00:00,618 - INFO - Initial extraction: found 4 tweets
2025-02-26 21:00:02,345 - INFO - Scrolled down 394 pixels
2025-02-26 21:00:05,730 - INFO - Scroll 1/20: Found 1 new tweets. Total: 5
2025-02-26 21:00:07,939 - INFO - Scrolled down 366 pixels
2025-02-26 21:00:08,035 - INFO - Scroll 2/20: Found 0 new tweets. Total: 5
2025-02-26 21:00:11,982 - INFO - Scrolled down 379 pixels
2025-02-26 21:00:12,083 - INFO - Scroll 3/20: Found 1 new tweets. Total: 6
2025-02-26 21:00:13,710 - INFO - Scrolled down 289 pixels
2025-02-26 21:00:13,817 - INFO - Scroll 4/20: Found 1 new tweets. Total: 7
2025-02-26 21:00:17,629 - INFO - Scrolled down 534 pixels
2025-02-26 21:00:17,736 - INFO - Scroll 5/20: Found 0 new tweets. Total: 7
2025-02-26 21:00:20,260 - INFO - Scrolled down 455 pixels
2025-02-26 21:00:20,378 - INFO - Scroll 6/20: Found 1 new tweets. Total: 8
2025-02-26 21:00:23,443 - INFO - Scrolled down 436 pixels
2025-02-26 21:00:23,576 - INFO - Scroll 7/20: Found 1 new tweets. Total: 9
2025-02-26 21:00:27,181 - INFO - Scrolled down 529 pixels
2025-02-26 21:00:27,318 - INFO - Scroll 8/20: Found 1 new tweets. Total: 10
2025-02-26 21:00:31,192 - INFO - Scrolled down 309 pixels
2025-02-26 21:00:31,362 - INFO - Scroll 9/20: Found 0 new tweets. Total: 10
2025-02-26 21:00:35,235 - INFO - Scrolled down 316 pixels
2025-02-26 21:00:35,353 - INFO - Scroll 10/20: Found 2 new tweets. Total: 12
2025-02-26 21:00:38,426 - INFO - Scrolled down 363 pixels
2025-02-26 21:00:38,549 - INFO - Scroll 11/20: Found 1 new tweets. Total: 13
2025-02-26 21:00:41,009 - INFO - Scrolled down 525 pixels
2025-02-26 21:00:41,152 - INFO - Scroll 12/20: Found 1 new tweets. Total: 14
2025-02-26 21:00:44,133 - INFO - Scrolled down 513 pixels
2025-02-26 21:00:44,280 - INFO - Scroll 13/20: Found 2 new tweets. Total: 16
2025-02-26 21:00:47,354 - INFO - Scrolled down 376 pixels
2025-02-26 21:00:47,496 - INFO - Scroll 14/20: Found 3 new tweets. Total: 19
2025-02-26 21:00:50,932 - INFO - Scrolled down 570 pixels
2025-02-26 21:00:51,125 - INFO - Scroll 15/20: Found 0 new tweets. Total: 19
2025-02-26 21:00:53,545 - INFO - Scrolled down 561 pixels
2025-02-26 21:00:53,735 - INFO - Scroll 16/20: Found 4 new tweets. Total: 23
2025-02-26 21:00:57,131 - INFO - Scrolled down 575 pixels
2025-02-26 21:00:57,319 - INFO - Scroll 17/20: Found 2 new tweets. Total: 25
2025-02-26 21:00:59,102 - INFO - Scrolled down 367 pixels
2025-02-26 21:00:59,279 - INFO - Scroll 18/20: Found 1 new tweets. Total: 26
2025-02-26 21:01:03,098 - INFO - Scrolled down 526 pixels
2025-02-26 21:01:03,271 - INFO - Scroll 19/20: Found 1 new tweets. Total: 27
2025-02-26 21:01:07,229 - INFO - Scrolled down 389 pixels
2025-02-26 21:01:07,452 - INFO - Scroll 20/20: Found 1 new tweets. Total: 28
2025-02-26 21:01:07,454 - INFO - Saved 28 tweets to twitter_data/uber_official_20250226_205358.csv (CSV)
2025-02-26 21:01:07,460 - INFO - Saved 173 tweets to twitter_data/uber_tweets_20250226_205358.csv (CSV)
2025-02-26 21:01:07,469 - INFO - Saved 173 tweets to twitter_data/uber_tweets_20250226_205358.json (JSON)
